<?xml version="1.0" encoding="UTF-8"?>
<!-- Generated by org.testng.reporters.JUnitReportReporter -->
<testsuite hostname="BCIT-WIN-S1427" failures="0" tests="3" name="Selenium.SeleniumFrameWorkTestNG.tests.SubmitOrderTest" time="16.434" errors="0" timestamp="2024-03-02T12:23:32 IST" skipped="0">
  <testcase classname="Selenium.SeleniumFrameWorkTestNG.tests.SubmitOrderTest" name="submitOrder" time="8.863"/>
  <testcase classname="Selenium.SeleniumFrameWorkTestNG.tests.SubmitOrderTest" name="OrderHistoryTest" time="2.545"/>
  <testcase classname="Selenium.SeleniumFrameWorkTestNG.tests.SubmitOrderTest" name="submitOrder" time="5.026"/>
</testsuite> <!-- Selenium.SeleniumFrameWorkTestNG.tests.SubmitOrderTest -->
