<?xml version="1.0" encoding="UTF-8"?>
<!-- Generated by org.testng.reporters.JUnitReportReporter -->
<testsuite hostname="DESKTOP-AFGVFFP" failures="0" tests="2" name="Selenium.SeleniumFrameWorkTestNG.tests.ErrorValidationsTest" time="9.739" errors="0" timestamp="2024-05-25T02:02:26 IST" skipped="0">
  <testcase classname="Selenium.SeleniumFrameWorkTestNG.tests.ErrorValidationsTest" name="LoginErrorValidation" time="4.127"/>
  <testcase classname="Selenium.SeleniumFrameWorkTestNG.tests.ErrorValidationsTest" name="ProductErrorValidation" time="5.612"/>
</testsuite> <!-- Selenium.SeleniumFrameWorkTestNG.tests.ErrorValidationsTest -->
