<?xml version="1.0" encoding="UTF-8"?>
<!-- Generated by org.testng.reporters.JUnitReportReporter -->
<testsuite hostname="BCIT-WIN-S1427" failures="0" tests="2" name="Selenium.SeleniumFrameWorkTestNG.tests.ErrorValidationsTest" time="11.336" errors="0" timestamp="2024-02-01T23:46:41 IST" skipped="0">
  <testcase classname="Selenium.SeleniumFrameWorkTestNG.tests.ErrorValidationsTest" name="LoginErrorValidation" time="4.928"/>
  <testcase classname="Selenium.SeleniumFrameWorkTestNG.tests.ErrorValidationsTest" name="ProductErrorValidation" time="6.408"/>
</testsuite> <!-- Selenium.SeleniumFrameWorkTestNG.tests.ErrorValidationsTest -->
