<?xml version="1.0" encoding="UTF-8"?>
<!-- Generated by org.testng.reporters.JUnitReportReporter -->
<testsuite hostname="BCIT-WIN-S1427" failures="0" tests="1" name="Cucumber.TestNGTestRunner" time="8.518" errors="0" timestamp="2024-02-01T23:48:29 IST" skipped="0">
  <testcase classname="Cucumber.TestNGTestRunner" name="runScenario" time="8.518"/>
</testsuite> <!-- Cucumber.TestNGTestRunner -->
