<?xml version="1.0" encoding="UTF-8"?>
<!-- Generated by org.testng.reporters.JUnitReportReporter -->
<testsuite hostname="BCIT-WIN-S1427" failures="0" tests="2" name="Selenium.SeleniumFrameWorkTestNG.tests.SubmitOrderTest" time="33.551" errors="0" timestamp="2024-02-01T23:47:45 IST" skipped="0">
  <testcase classname="Selenium.SeleniumFrameWorkTestNG.tests.SubmitOrderTest" name="submitOrder" time="25.345"/>
  <testcase classname="Selenium.SeleniumFrameWorkTestNG.tests.SubmitOrderTest" name="submitOrder" time="8.206"/>
</testsuite> <!-- Selenium.SeleniumFrameWorkTestNG.tests.SubmitOrderTest -->
